<?xml version="1.0" encoding="UTF-8"?>
<!-- Generated by org.testng.reporters.JUnitReportReporter -->
<testsuite hostname="DESKTOP-U3DCCJL" failures="0" tests="1" name="com.runner.Runner" time="10.684" errors="0" timestamp="2024-01-06T11:27:39 IST" skipped="0">
  <testcase classname="com.runner.Runner" name="runScenario" time="10.684"/>
  <system-out/>
</testsuite> <!-- com.runner.Runner -->
